<?xml version="1.0" encoding="UTF-8"?>
<testsuite xmlns:xsi="http://www.w3.org/2001/XMLSchema-instance" xsi:noNamespaceSchemaLocation="https://maven.apache.org/surefire/maven-surefire-plugin/xsd/surefire-test-report-3.0.xsd" version="3.0" name="com.fiaya.SyncServiceTest" time="6.489" tests="1" errors="0" skipped="0" failures="0">
  <properties>
[...]
</properties>
  <testcase name="testSincronizacionLoteEIdempotencia" classname="com.fiaya.SyncServiceTest" time="0.973">
    <system-out><![CDATA[00:07:03.598 [main] INFO org.springframework.test.context.support.AnnotationConfigContextLoaderUtils -- Could not detect default configuration classes for test class [com.fiaya.SyncServiceTest]: SyncServiceTest does not declare any static, non-private, non-final, nested classes annotated with @Configuration.
00:07:03.702 [main] INFO org.springframework.boot.test.context.SpringBootTestContextBootstrapper -- Found @SpringBootConfiguration com.fiaya.Application for test class com.fiaya.SyncServiceTest

  .   ____          _            __ _ _
 /\\ / ___'_ __ _ _(_)_ __  __ _ \ \ \ \
( ( )\___ | '_ | '_| | '_ \/ _` | \ \ \ \
 \\/  ___)| |_)| | | | | || (_| |  ) ) ) )
  '  |____| .__|_| |_|_| |_\__, | / / / /
 =========|_|==============|___/=/_/_/_/
 :: Spring Boot ::                (v3.2.5)

2026-08-26T00:07:04.127-05:00  INFO 12532 --- [FiaYa-Backend-Test] [           main] com.fiaya.SyncServiceTest                : Starting SyncServiceTest using Java 21.0.10 with PID 12532 (started by USUARIO in C:\Users\USUARIO\Documents\proyectos\fiados\backend)
2026-08-26T00:07:04.128-05:00  INFO 12532 --- [FiaYa-Backend-Test] [           main] com.fiaya.SyncServiceTest                : The following 1 profile is active: "test"
2026-08-26T00:07:05.022-05:00  INFO 12532 --- [FiaYa-Backend-Test] [           main] .s.d.r.c.RepositoryConfigurationDelegate : Bootstrapping Spring Data JPA repositories in DEFAULT mode.
2026-08-26T00:07:05.095-05:00  INFO 12532 --- [FiaYa-Backend-Test] [           main] .s.d.r.c.RepositoryConfigurationDelegate : Finished Spring Data repository scanning in 62 ms. Found 3 JPA repository interfaces.
2026-08-26T00:07:05.711-05:00  INFO 12532 --- [FiaYa-Backend-Test] [           main] o.hibernate.jpa.internal.util.LogHelper  : HHH000204: Processing PersistenceUnitInfo [name: default]
2026-08-26T00:07:05.828-05:00  INFO 12532 --- [FiaYa-Backend-Test] [           main] org.hibernate.Version                    : HHH000412: Hibernate ORM core version 6.4.4.Final
2026-08-26T00:07:05.880-05:00  INFO 12532 --- [FiaYa-Backend-Test] [           main] o.h.c.internal.RegionFactoryInitiator    : HHH000026: Second-level cache disabled
2026-08-26T00:07:06.240-05:00  INFO 12532 --- [FiaYa-Backend-Test] [           main] o.s.o.j.p.SpringPersistenceUnitInfo      : No LoadTimeWeaver setup: ignoring JPA class transformer
2026-08-26T00:07:06.273-05:00  INFO 12532 --- [FiaYa-Backend-Test] [           main] com.zaxxer.hikari.HikariDataSource       : HikariPool-1 - Starting...
2026-08-26T00:07:06.444-05:00  INFO 12532 --- [FiaYa-Backend-Test] [           main] com.zaxxer.hikari.pool.HikariPool        : HikariPool-1 - Added connection conn0: url=jdbc:h2:mem:fiaya_testdb user=SA
2026-08-26T00:07:06.445-05:00  INFO 12532 --- [FiaYa-Backend-Test] [           main] com.zaxxer.hikari.HikariDataSource       : HikariPool-1 - Start completed.
2026-08-26T00:07:06.474-05:00  WARN 12532 --- [FiaYa-Backend-Test] [           main] org.hibernate.dialect.Dialect            : HHH000511: The 2.2.0 version for [org.hibernate.dialect.MySQLDialect] is no longer supported, hence certain features may not work properly. The minimum supported version is 8.0.0. Check the community dialects project for available legacy versions.
2026-08-26T00:07:06.477-05:00  WARN 12532 --- [FiaYa-Backend-Test] [           main] org.hibernate.orm.deprecation            : HHH90000025: MySQLDialect does not need to be specified explicitly using 'hibernate.dialect' (remove the property setting and it will be selected by default)
2026-08-26T00:07:07.246-05:00  INFO 12532 --- [FiaYa-Backend-Test] [           main] o.h.e.t.j.p.i.JtaPlatformInitiator       : HHH000489: No JTA platform available (set 'hibernate.transaction.jta.platform' to enable JTA platform integration)
2026-08-26T00:07:07.277-05:00  INFO 12532 --- [FiaYa-Backend-Test] [           main] j.LocalContainerEntityManagerFactoryBean : Initialized JPA EntityManagerFactory for persistence unit 'default'
2026-08-26T00:07:07.903-05:00  WARN 12532 --- [FiaYa-Backend-Test] [           main] JpaBaseConfiguration$JpaWebConfiguration : spring.jpa.open-in-view is enabled by default. Therefore, database queries may be performed during view rendering. Explicitly configure spring.jpa.open-in-view to disable this warning
2026-08-26T00:07:07.936-05:00  WARN 12532 --- [FiaYa-Backend-Test] [           main] .s.s.UserDetailsServiceAutoConfiguration : 

Using generated security password: 3e888a06-0a8c-48db-bd74-301a504de994

This generated password is for development use only. Your security configuration must be updated before running your application in production.

2026-08-26T00:07:08.533-05:00  INFO 12532 --- [FiaYa-Backend-Test] [           main] o.s.s.web.DefaultSecurityFilterChain     : Will secure any request with [org.springframework.security.web.session.DisableEncodeUrlFilter@4b3e4253, org.springframework.security.web.context.request.async.WebAsyncManagerIntegrationFilter@13b5598b, org.springframework.security.web.context.SecurityContextHolderFilter@6f53295e, org.springframework.security.web.header.HeaderWriterFilter@5183131d, org.springframework.web.filter.CorsFilter@141c66db, org.springframework.security.web.authentication.logout.LogoutFilter@487bc2fe, org.springframework.security.web.savedrequest.RequestCacheAwareFilter@4f93a8f6, org.springframework.security.web.servletapi.SecurityContextHolderAwareRequestFilter@492d38a2, org.springframework.security.web.authentication.AnonymousAuthenticationFilter@18f794e, org.springframework.security.web.session.SessionManagementFilter@7dc9b41a, org.springframework.security.web.access.ExceptionTranslationFilter@f9979cf, org.springframework.security.web.access.intercept.AuthorizationFilter@395c21ee]
2026-08-26T00:07:08.926-05:00  INFO 12532 --- [FiaYa-Backend-Test] [           main] com.fiaya.SyncServiceTest                : Started SyncServiceTest in 5.099 seconds (process running for 6.115)
2026-08-26T00:07:09.544-05:00  INFO 12532 --- [FiaYa-Backend-Test] [           main] com.fiaya.service.SyncService            : 🔄 [SyncService] Procesando lote de 3 mutaciones para Tienda ID: 'e8493b26-04b3-45bf-a933-045d2113f64e'
2026-08-26T00:07:09.545-05:00  INFO 12532 --- [FiaYa-Backend-Test] [           main] com.fiaya.service.SyncService            :   👉 Procesando Item ID: 'e8493b26-04b3-45bf-a933-045d2113f64e', Tipo: 'TIENDA', Operación: 'CREAR'
2026-08-26T00:07:09.566-05:00  INFO 12532 --- [FiaYa-Backend-Test] [           main] com.fiaya.service.SyncService            :   🏬 [MySQL Save] Tienda guardada exitosamente ID: 'e8493b26-04b3-45bf-a933-045d2113f64e', Nombre: 'Granero Don Pedro'
2026-08-26T00:07:09.568-05:00  INFO 12532 --- [FiaYa-Backend-Test] [           main] com.fiaya.service.SyncService            :   ✅ Item ID: 'e8493b26-04b3-45bf-a933-045d2113f64e' sincronizado exitosamente en MySQL.
2026-08-26T00:07:09.568-05:00  INFO 12532 --- [FiaYa-Backend-Test] [           main] com.fiaya.service.SyncService            :   👉 Procesando Item ID: 'b0bda4db-2972-4559-8410-9b8edf8c8c37', Tipo: 'CLIENTE', Operación: 'CREAR'
2026-08-26T00:07:09.572-05:00  INFO 12532 --- [FiaYa-Backend-Test] [           main] com.fiaya.service.SyncService            :   👤 [MySQL Save] Cliente guardado exitosamente ID: 'b0bda4db-2972-4559-8410-9b8edf8c8c37', Nombre: 'María López', Saldo Actual: $0.0
2026-08-26T00:07:09.573-05:00  INFO 12532 --- [FiaYa-Backend-Test] [           main] com.fiaya.service.SyncService            :   ✅ Item ID: 'b0bda4db-2972-4559-8410-9b8edf8c8c37' sincronizado exitosamente en MySQL.
2026-08-26T00:07:09.573-05:00  INFO 12532 --- [FiaYa-Backend-Test] [           main] com.fiaya.service.SyncService            :   👉 Procesando Item ID: 'be5af169-37a5-4122-a984-da1c39108bd1', Tipo: 'MOVIMIENTO', Operación: 'CREAR'
2026-08-26T00:07:09.843-05:00  INFO 12532 --- [FiaYa-Backend-Test] [           main] com.fiaya.service.SyncService            :   💵 [MySQL Save] Movimiento guardado exitosamente ID: 'be5af169-37a5-4122-a984-da1c39108bd1', Tipo: FIADO, Monto: $45000.0, Cliente ID: 'b0bda4db-2972-4559-8410-9b8edf8c8c37'
2026-08-26T00:07:09.845-05:00  INFO 12532 --- [FiaYa-Backend-Test] [           main] com.fiaya.service.SyncService            :   🔄 [MySQL Update] Saldo de Cliente ID: 'b0bda4db-2972-4559-8410-9b8edf8c8c37' actualizado a $45000.0
2026-08-26T00:07:09.845-05:00  INFO 12532 --- [FiaYa-Backend-Test] [           main] com.fiaya.service.SyncService            :   ✅ Item ID: 'be5af169-37a5-4122-a984-da1c39108bd1' sincronizado exitosamente en MySQL.
2026-08-26T00:07:09.895-05:00  INFO 12532 --- [FiaYa-Backend-Test] [           main] com.fiaya.service.SyncService            : 🔄 [SyncService] Procesando lote de 3 mutaciones para Tienda ID: 'e8493b26-04b3-45bf-a933-045d2113f64e'
2026-08-26T00:07:09.896-05:00  INFO 12532 --- [FiaYa-Backend-Test] [           main] com.fiaya.service.SyncService            :   👉 Procesando Item ID: 'e8493b26-04b3-45bf-a933-045d2113f64e', Tipo: 'TIENDA', Operación: 'CREAR'
2026-08-26T00:07:09.898-05:00  INFO 12532 --- [FiaYa-Backend-Test] [           main] com.fiaya.service.SyncService            :   🏬 [MySQL Save] Tienda guardada exitosamente ID: 'e8493b26-04b3-45bf-a933-045d2113f64e', Nombre: 'Granero Don Pedro'
2026-08-26T00:07:09.898-05:00  INFO 12532 --- [FiaYa-Backend-Test] [           main] com.fiaya.service.SyncService            :   ✅ Item ID: 'e8493b26-04b3-45bf-a933-045d2113f64e' sincronizado exitosamente en MySQL.
2026-08-26T00:07:09.898-05:00  INFO 12532 --- [FiaYa-Backend-Test] [           main] com.fiaya.service.SyncService            :   👉 Procesando Item ID: 'b0bda4db-2972-4559-8410-9b8edf8c8c37', Tipo: 'CLIENTE', Operación: 'CREAR'
2026-08-26T00:07:09.899-05:00  INFO 12532 --- [FiaYa-Backend-Test] [           main] com.fiaya.service.SyncService            :   👤 [MySQL Save] Cliente guardado exitosamente ID: 'b0bda4db-2972-4559-8410-9b8edf8c8c37', Nombre: 'María López', Saldo Actual: $0.0
2026-08-26T00:07:09.900-05:00  INFO 12532 --- [FiaYa-Backend-Test] [           main] com.fiaya.service.SyncService            :   ✅ Item ID: 'b0bda4db-2972-4559-8410-9b8edf8c8c37' sincronizado exitosamente en MySQL.
2026-08-26T00:07:09.900-05:00  INFO 12532 --- [FiaYa-Backend-Test] [           main] com.fiaya.service.SyncService            :   👉 Procesando Item ID: 'be5af169-37a5-4122-a984-da1c39108bd1', Tipo: 'MOVIMIENTO', Operación: 'CREAR'
2026-08-26T00:07:09.903-05:00  INFO 12532 --- [FiaYa-Backend-Test] [           main] com.fiaya.service.SyncService            :   ⏩ [Idempotencia] Movimiento ID: 'be5af169-37a5-4122-a984-da1c39108bd1' ya existe en MySQL, omitiendo duplicado.
2026-08-26T00:07:09.903-05:00  INFO 12532 --- [FiaYa-Backend-Test] [           main] com.fiaya.service.SyncService            :   ✅ Item ID: 'be5af169-37a5-4122-a984-da1c39108bd1' sincronizado exitosamente en MySQL.
]]></system-out>
    <system-err><![CDATA[WARNING: A Java agent has been loaded dynamically (C:\Users\USUARIO\.m2\repository\net\bytebuddy\byte-buddy-agent\1.14.13\byte-buddy-agent-1.14.13.jar)
WARNING: If a serviceability tool is in use, please run with -XX:+EnableDynamicAgentLoading to hide this warning
WARNING: If a serviceability tool is not in use, please run with -Djdk.instrument.traceUsage for more information
WARNING: Dynamic loading of agents will be disallowed by default in a future release
]]></system-err>
  </testcase>
</testsuite>